[debug] [2021-06-22T20:10:37.142Z] ----------------------------------------------------------------------
[debug] [2021-06-22T20:10:37.144Z] Command:       C:\Program Files\nodejs\node.exe C:\Users\ASUS\AppData\Roaming\npm\node_modules\firebase-tools\lib\bin\firebase.js init
[debug] [2021-06-22T20:10:37.145Z] CLI Version:   9.14.0
[debug] [2021-06-22T20:10:37.145Z] Platform:      win32
[debug] [2021-06-22T20:10:37.145Z] Node Version:  v14.17.0
[debug] [2021-06-22T20:10:37.146Z] Time:          Wed Jun 23 2021 01:40:37 GMT+0530 (India Standard Time)
[debug] [2021-06-22T20:10:37.146Z] ----------------------------------------------------------------------
[debug] 
[debug] [2021-06-22T20:10:37.158Z] > command requires scopes: ["email","openid","https://www.googleapis.com/auth/cloudplatformprojects.readonly","https://www.googleapis.com/auth/firebase","https://www.googleapis.com/auth/cloud-platform"]
[debug] [2021-06-22T20:10:37.158Z] > authorizing via signed-in user (ashwanigupta522math@gmail.com)
[info] 
     ######## #### ########  ######## ########     ###     ######  ########
     ##        ##  ##     ## ##       ##     ##  ##   ##  ##       ##
     ######    ##  ########  ######   ########  #########  ######  ######
     ##        ##  ##    ##  ##       ##     ## ##     ##       ## ##
     ##       #### ##     ## ######## ########  ##     ##  ######  ########

You're about to initialize a Firebase project in this directory:

  C:\Users\ASUS\Documents\webrtc-firebase-demo-main

[info] 
=== Project Setup
[info] 
[info] First, let's associate this project directory with a Firebase project.
[info] You can create multiple project aliases by running firebase use --add, 
[info] but for now we'll just set up a default project.
[info] 
[debug] [2021-06-22T20:10:51.990Z] >>> [apiv2][query] GET https://firebase.googleapis.com/v1beta1/projects pageSize=100
[debug] [2021-06-22T20:10:53.269Z] <<< [apiv2][status] GET https://firebase.googleapis.com/v1beta1/projects 200
[debug] [2021-06-22T20:10:53.269Z] <<< [apiv2][body] GET https://firebase.googleapis.com/v1beta1/projects [omitted]
[info] i  Using project video-c2ed6 (video) 
[info] 
=== Hosting Setup
[info] 
[info] Your public directory is the folder (relative to your project directory) that
[info] will contain Hosting assets to be uploaded with firebase deploy. If you
[info] have a build process for your assets, use your build's output directory.
[info] 
[info] +  Wrote public/404.html 
[debug] [2021-06-22T20:11:10.206Z] >>> [apiv2][query] GET https://www.gstatic.com/firebasejs/releases.json [none]
[debug] [2021-06-22T20:11:10.763Z] <<< [apiv2][status] GET https://www.gstatic.com/firebasejs/releases.json 200
[debug] [2021-06-22T20:11:10.764Z] <<< [apiv2][body] GET https://www.gstatic.com/firebasejs/releases.json {"current":{"version":"8.6.8","browserURL":"https://www.gstatic.com/firebasejs/8.6.8/firebase.js","packageURL":"https://www.gstatic.com/firebasejs/8.6.8/firebase.tgz"},"live":{"version":"8.6","browserURL":"https://www.gstatic.com/firebasejs/live/8.6/firebase.js","packageURL":"https://www.gstatic.com/firebasejs/live/8.6/firebase.tgz"},"components":{"analytics":"https://www.gstatic.com/firebasejs/8.6.8/firebase-analytics.js","app":"https://www.gstatic.com/firebasejs/8.6.8/firebase-app.js","app-check":"https://www.gstatic.com/firebasejs/8.6.8/firebase-app-check.js","auth":"https://www.gstatic.com/firebasejs/8.6.8/firebase-auth.js","database":"https://www.gstatic.com/firebasejs/8.6.8/firebase-database.js","firestore":"https://www.gstatic.com/firebasejs/8.6.8/firebase-firestore.js","functions":"https://www.gstatic.com/firebasejs/8.6.8/firebase-functions.js","installations":"https://www.gstatic.com/firebasejs/8.6.8/firebase-installations.js","messaging":"https://www.gstatic.com/firebasejs/8.6.8/firebase-messaging.js","storage":"https://www.gstatic.com/firebasejs/8.6.8/firebase-storage.js","performance":"https://www.gstatic.com/firebasejs/8.6.8/firebase-performance.js","remote-config":"https://www.gstatic.com/firebasejs/8.6.8/firebase-remote-config.js","firestore.memory":"https://www.gstatic.com/firebasejs/8.6.8/firebase-firestore.memory.js"}}
[info] i  Skipping write of public/index.html 
[info] 
[info] i  Didn't detect a .git folder. Assuming C:\Users\ASUS\Documents\webrtc-firebase-demo-main is the project root. 
[info] i  Authorizing with GitHub to upload your service account to a GitHub repository's secrets store. 
[info] 
[info] Visit this URL on this device to log in:
[info] https://github.com/login/oauth/authorize?client_id=89cf50f02ac6aaed3484&state=128671764&redirect_uri=http%3A%2F%2Flocalhost%3A9005&scope=read%3Auser%20repo%20public_repo
[info] 
[info] Waiting for authentication...
[debug] [2021-06-22T20:11:22.853Z] >>> HTTP REQUEST POST https://github.com/login/oauth/access_token  
 {"client_id":"89cf50f02ac6aaed3484","client_secret":"3330d14abc895d9a74d5f17cd7a00711fa2c5bf0","code":"3ef8387b81c6faa0a031","redirect_uri":"http://localhost:9005","state":"128671764"}
[debug] [2021-06-22T20:11:23.658Z] <<< HTTP RESPONSE 200 {"server":"GitHub.com","date":"Tue, 22 Jun 2021 20:11:24 GMT","content-type":"application/json; charset=utf-8","transfer-encoding":"chunked","vary":"X-PJAX, Accept-Encoding, Accept, X-Requested-With","permissions-policy":"interest-cohort=()","etag":"W/\"4b9159a87c8cc94110de66b34b4dbe52\"","cache-control":"max-age=0, private, must-revalidate","strict-transport-security":"max-age=31536000; includeSubdomains; preload","x-frame-options":"deny","x-content-type-options":"nosniff","x-xss-protection":"0","referrer-policy":"origin-when-cross-origin, strict-origin-when-cross-origin","expect-ct":"max-age=2592000, report-uri=\"https://api.github.com/_private/browser/errors\"","content-security-policy":"default-src 'none'; base-uri 'self'; block-all-mixed-content; connect-src 'self' uploads.github.com www.githubstatus.com collector.githubapp.com api.github.com github-cloud.s3.amazonaws.com github-production-repository-file-5c1aeb.s3.amazonaws.com github-production-upload-manifest-file-7fdce7.s3.amazonaws.com github-production-user-asset-6210df.s3.amazonaws.com cdn.optimizely.com logx.optimizely.com/v1/events translator.github.com wss://alive.github.com; font-src github.githubassets.com; form-action 'self' github.com gist.github.com; frame-ancestors 'none'; frame-src render.githubusercontent.com render-temp.githubusercontent.com viewscreen.githubusercontent.com; img-src 'self' data: github.githubassets.com identicons.github.com collector.githubapp.com github-cloud.s3.amazonaws.com secured-user-images.githubusercontent.com/ *.githubusercontent.com; manifest-src 'self'; media-src 'none'; script-src github.githubassets.com; style-src 'unsafe-inline' github.githubassets.com; worker-src github.com/socket-worker-3f088aa2.js gist.github.com/socket-worker-3f088aa2.js","x-github-request-id":"FF06:0FED:74F6CD:7D5727:60D243EB"}
[debug] [2021-06-22T20:11:23.670Z] >>> [apiv2][query] GET https://api.github.com/user [none]
[debug] [2021-06-22T20:11:24.477Z] <<< [apiv2][status] GET https://api.github.com/user 200
[debug] [2021-06-22T20:11:24.478Z] <<< [apiv2][body] GET https://api.github.com/user {"login":"Ashwanigupta701","id":76528607,"node_id":"MDQ6VXNlcjc2NTI4NjA3","avatar_url":"https://avatars.githubusercontent.com/u/76528607?v=4","gravatar_id":"","url":"https://api.github.com/users/Ashwanigupta701","html_url":"https://github.com/Ashwanigupta701","followers_url":"https://api.github.com/users/Ashwanigupta701/followers","following_url":"https://api.github.com/users/Ashwanigupta701/following{/other_user}","gists_url":"https://api.github.com/users/Ashwanigupta701/gists{/gist_id}","starred_url":"https://api.github.com/users/Ashwanigupta701/starred{/owner}{/repo}","subscriptions_url":"https://api.github.com/users/Ashwanigupta701/subscriptions","organizations_url":"https://api.github.com/users/Ashwanigupta701/orgs","repos_url":"https://api.github.com/users/Ashwanigupta701/repos","events_url":"https://api.github.com/users/Ashwanigupta701/events{/privacy}","received_events_url":"https://api.github.com/users/Ashwanigupta701/received_events","type":"User","site_admin":false,"name":null,"company":null,"blog":"","location":null,"email":null,"hireable":null,"bio":null,"twitter_username":null,"public_repos":3,"public_gists":0,"followers":0,"following":0,"created_at":"2020-12-23T15:42:12Z","updated_at":"2021-06-22T19:30:15Z","private_gists":0,"total_private_repos":0,"owned_private_repos":0,"disk_usage":18,"collaborators":0,"two_factor_authentication":false,"plan":{"name":"free","space":976562499,"collaborators":0,"private_repos":10000}}
[info] 
[info] +  Success! Logged into GitHub as Ashwanigupta701 
[info] 
[debug] [2021-06-22T20:11:51.162Z] >>> [apiv2][query] GET https://api.github.com/repos/N/actions/secrets/public-key type=owner
[debug] [2021-06-22T20:11:51.820Z] <<< [apiv2][status] GET https://api.github.com/repos/N/actions/secrets/public-key 404
[debug] [2021-06-22T20:11:51.821Z] <<< [apiv2][body] GET https://api.github.com/repos/N/actions/secrets/public-key {"message":"Not Found","documentation_url":"https://docs.github.com/rest"}
[debug] [2021-06-22T20:11:57.643Z] >>> [apiv2][query] GET https://api.github.com/repos/Y/actions/secrets/public-key type=owner
[debug] [2021-06-22T20:11:58.374Z] <<< [apiv2][status] GET https://api.github.com/repos/Y/actions/secrets/public-key 404
[debug] [2021-06-22T20:11:58.374Z] <<< [apiv2][body] GET https://api.github.com/repos/Y/actions/secrets/public-key {"message":"Not Found","documentation_url":"https://docs.github.com/rest"}
[debug] [2021-06-22T20:11:58.490Z] >>> [apiv2][query] GET https://api.github.com/repos//actions/secrets/public-key type=owner
[debug] [2021-06-22T20:11:59.399Z] <<< [apiv2][status] GET https://api.github.com/repos//actions/secrets/public-key 404
[debug] [2021-06-22T20:11:59.399Z] <<< [apiv2][body] GET https://api.github.com/repos//actions/secrets/public-key {"message":"Not Found","documentation_url":"https://docs.github.com/rest"}
[debug] [2021-06-22T20:15:12.314Z] >>> [apiv2][query] GET https://api.github.com/repos/Ashwani701/video-c2ed6/actions/secrets/public-key type=owner
[debug] [2021-06-22T20:15:13.238Z] <<< [apiv2][status] GET https://api.github.com/repos/Ashwani701/video-c2ed6/actions/secrets/public-key 404
[debug] [2021-06-22T20:15:13.239Z] <<< [apiv2][body] GET https://api.github.com/repos/Ashwani701/video-c2ed6/actions/secrets/public-key {"message":"Not Found","documentation_url":"https://docs.github.com/rest/reference/actions#get-a-repository-public-key"}
[debug] [2021-06-22T20:15:36.275Z] >>> [apiv2][query] GET https://api.github.com/repos//actions/secrets/public-key type=owner
[debug] [2021-06-22T20:15:37.298Z] <<< [apiv2][status] GET https://api.github.com/repos//actions/secrets/public-key 404
[debug] [2021-06-22T20:15:37.298Z] <<< [apiv2][body] GET https://api.github.com/repos//actions/secrets/public-key {"message":"Not Found","documentation_url":"https://docs.github.com/rest"}
[debug] [2021-06-22T20:15:37.321Z] >>> [apiv2][query] GET https://api.github.com/repos//actions/secrets/public-key type=owner
[debug] [2021-06-22T20:15:37.919Z] <<< [apiv2][status] GET https://api.github.com/repos//actions/secrets/public-key 404
[debug] [2021-06-22T20:15:37.919Z] <<< [apiv2][body] GET https://api.github.com/repos//actions/secrets/public-key {"message":"Not Found","documentation_url":"https://docs.github.com/rest"}
[debug] [2021-06-22T20:15:38.163Z] >>> [apiv2][query] GET https://api.github.com/repos//actions/secrets/public-key type=owner
[debug] [2021-06-22T20:15:38.837Z] <<< [apiv2][status] GET https://api.github.com/repos//actions/secrets/public-key 404
[debug] [2021-06-22T20:15:38.838Z] <<< [apiv2][body] GET https://api.github.com/repos//actions/secrets/public-key {"message":"Not Found","documentation_url":"https://docs.github.com/rest"}
[debug] [2021-06-22T20:15:51.987Z] >>> [apiv2][query] GET https://api.github.com/repos/Ashwani701/random-win/actions/secrets/public-key type=owner
[debug] [2021-06-22T20:15:53.789Z] <<< [apiv2][status] GET https://api.github.com/repos/Ashwani701/random-win/actions/secrets/public-key 404
[debug] [2021-06-22T20:15:53.790Z] <<< [apiv2][body] GET https://api.github.com/repos/Ashwani701/random-win/actions/secrets/public-key {"message":"Not Found","documentation_url":"https://docs.github.com/rest/reference/actions#get-a-repository-public-key"}
[debug] [2021-06-22T20:20:34.737Z] >>> [apiv2][query] GET https://api.github.com/repos/Ashwani701/video-c2ed6/actions/secrets/public-key type=owner
[debug] [2021-06-22T20:20:35.373Z] <<< [apiv2][status] GET https://api.github.com/repos/Ashwani701/video-c2ed6/actions/secrets/public-key 404
[debug] [2021-06-22T20:20:35.374Z] <<< [apiv2][body] GET https://api.github.com/repos/Ashwani701/video-c2ed6/actions/secrets/public-key {"message":"Not Found","documentation_url":"https://docs.github.com/rest/reference/actions#get-a-repository-public-key"}
